Traceback (most recent call last):
  File "/usr/local/lib/python3.11/dist-packages/jupyter_cache/executors/utils.py", line 58, in single_nb_execution
    executenb(
  File "/usr/local/lib/python3.11/dist-packages/nbclient/client.py", line 1323, in execute
    return NotebookClient(nb=nb, resources=resources, km=km, **kwargs).execute()
           ^^^^^^^^^^^^^^^^^^^^^^^^^^^^^^^^^^^^^^^^^^^^^^^^^^^^^^^^^^^^^^^^^^^^^
  File "/usr/local/lib/python3.11/dist-packages/jupyter_core/utils/__init__.py", line 165, in wrapped
    return loop.run_until_complete(inner)
           ^^^^^^^^^^^^^^^^^^^^^^^^^^^^^^
  File "/usr/lib/python3.11/asyncio/base_events.py", line 654, in run_until_complete
    return future.result()
           ^^^^^^^^^^^^^^^
  File "/usr/local/lib/python3.11/dist-packages/nbclient/client.py", line 709, in async_execute
    await self.async_execute_cell(
  File "/usr/local/lib/python3.11/dist-packages/nbclient/client.py", line 1062, in async_execute_cell
    await self._check_raise_for_error(cell, cell_index, exec_reply)
  File "/usr/local/lib/python3.11/dist-packages/nbclient/client.py", line 918, in _check_raise_for_error
    raise CellExecutionError.from_cell_and_msg(cell, exec_reply_content)
nbclient.exceptions.CellExecutionError: An error occurred while executing the following cell:
------------------
orbital_profile = Profile.local_orbital_frame_pointing(satellite_orbit, Orbit.FrameType.VVLH)
if Frame.exists("Body"):
    Frame.destruct("Body")

body_frame = orbital_profile.get_body_frame("Body")
------------------


[0;31m---------------------------------------------------------------------------[0m
[0;31mAttributeError[0m                            Traceback (most recent call last)
Cell [0;32mIn[19], line 5[0m
[1;32m      2[0m [38;5;28;01mif[39;00m Frame[38;5;241m.[39mexists([38;5;124m"[39m[38;5;124mBody[39m[38;5;124m"[39m):
[1;32m      3[0m     Frame[38;5;241m.[39mdestruct([38;5;124m"[39m[38;5;124mBody[39m[38;5;124m"[39m)
[0;32m----> 5[0m body_frame [38;5;241m=[39m [43morbital_profile[49m[38;5;241;43m.[39;49m[43mget_body_frame[49m([38;5;124m"[39m[38;5;124mBody[39m[38;5;124m"[39m)

[0;31mAttributeError[0m: 'ostk.astrodynamics.flight.Profile' object has no attribute 'get_body_frame'

