Traceback (most recent call last):
  File "/usr/local/lib/python3.11/site-packages/jupyter_cache/executors/utils.py", line 58, in single_nb_execution
    executenb(
  File "/usr/local/lib/python3.11/site-packages/nbclient/client.py", line 1314, in execute
    return NotebookClient(nb=nb, resources=resources, km=km, **kwargs).execute()
           ^^^^^^^^^^^^^^^^^^^^^^^^^^^^^^^^^^^^^^^^^^^^^^^^^^^^^^^^^^^^^^^^^^^^^
  File "/usr/local/lib/python3.11/site-packages/jupyter_core/utils/__init__.py", line 165, in wrapped
    return loop.run_until_complete(inner)
           ^^^^^^^^^^^^^^^^^^^^^^^^^^^^^^
  File "/usr/local/lib/python3.11/asyncio/base_events.py", line 653, in run_until_complete
    return future.result()
           ^^^^^^^^^^^^^^^
  File "/usr/local/lib/python3.11/site-packages/nbclient/client.py", line 709, in async_execute
    await self.async_execute_cell(
  File "/usr/local/lib/python3.11/site-packages/nbclient/client.py", line 1062, in async_execute_cell
    await self._check_raise_for_error(cell, cell_index, exec_reply)
  File "/usr/local/lib/python3.11/site-packages/nbclient/client.py", line 918, in _check_raise_for_error
    raise CellExecutionError.from_cell_and_msg(cell, exec_reply_content)
nbclient.exceptions.CellExecutionError: An error occurred while executing the following cell:
------------------
import numpy as np

from ostk.physics import Environment
from ostk.physics.environment.objects.celestial_bodies import Earth
from ostk.physics.environment.objects.celestial_bodies import Sun
from ostk.physics.environment.gravitational import Earth as EarthGravitationalModel
from ostk.physics.environment.atmospheric import Earth as EarthAtmosphericModel
from ostk.physics.environment.magnetic import Earth as EarthMagneticModel
from ostk.physics.time import Instant
from ostk.physics.time import Duration
from ostk.physics.coordinate import Frame
from ostk.physics.coordinate import Position
from ostk.physics.coordinate import Velocity

from ostk.astrodynamics.trajectory import State
from ostk.astrodynamics.trajectory import Propagator
from ostk.astrodynamics.trajectory.state import NumericalSolver
from ostk.astrodynamics.event_condition import BooleanCondition
from ostk.astrodynamics.event_condition import RealCondition
------------------


[0;31m---------------------------------------------------------------------------[0m
[0;31mModuleNotFoundError[0m                       Traceback (most recent call last)
Cell [0;32mIn[1], line 4[0m
[1;32m      1[0m [38;5;28;01mimport[39;00m [38;5;21;01mnumpy[39;00m [38;5;28;01mas[39;00m [38;5;21;01mnp[39;00m
[1;32m      3[0m [38;5;28;01mfrom[39;00m [38;5;21;01mostk[39;00m[38;5;21;01m.[39;00m[38;5;21;01mphysics[39;00m [38;5;28;01mimport[39;00m Environment
[0;32m----> 4[0m [38;5;28;01mfrom[39;00m [38;5;21;01mostk[39;00m[38;5;21;01m.[39;00m[38;5;21;01mphysics[39;00m[38;5;21;01m.[39;00m[38;5;21;01menvironment[39;00m[38;5;21;01m.[39;00m[38;5;21;01mobjects[39;00m[38;5;21;01m.[39;00m[38;5;21;01mcelestial_bodies[39;00m [38;5;28;01mimport[39;00m Earth
[1;32m      5[0m [38;5;28;01mfrom[39;00m [38;5;21;01mostk[39;00m[38;5;21;01m.[39;00m[38;5;21;01mphysics[39;00m[38;5;21;01m.[39;00m[38;5;21;01menvironment[39;00m[38;5;21;01m.[39;00m[38;5;21;01mobjects[39;00m[38;5;21;01m.[39;00m[38;5;21;01mcelestial_bodies[39;00m [38;5;28;01mimport[39;00m Sun
[1;32m      6[0m [38;5;28;01mfrom[39;00m [38;5;21;01mostk[39;00m[38;5;21;01m.[39;00m[38;5;21;01mphysics[39;00m[38;5;21;01m.[39;00m[38;5;21;01menvironment[39;00m[38;5;21;01m.[39;00m[38;5;21;01mgravitational[39;00m [38;5;28;01mimport[39;00m Earth [38;5;28;01mas[39;00m EarthGravitationalModel

[0;31mModuleNotFoundError[0m: No module named 'ostk.physics.environment.objects'; 'ostk.physics.environment' is not a package

