Traceback (most recent call last):
  File "/usr/local/lib/python3.11/site-packages/jupyter_cache/executors/utils.py", line 58, in single_nb_execution
    executenb(
  File "/usr/local/lib/python3.11/site-packages/nbclient/client.py", line 1314, in execute
    return NotebookClient(nb=nb, resources=resources, km=km, **kwargs).execute()
           ^^^^^^^^^^^^^^^^^^^^^^^^^^^^^^^^^^^^^^^^^^^^^^^^^^^^^^^^^^^^^^^^^^^^^
  File "/usr/local/lib/python3.11/site-packages/jupyter_core/utils/__init__.py", line 165, in wrapped
    return loop.run_until_complete(inner)
           ^^^^^^^^^^^^^^^^^^^^^^^^^^^^^^
  File "/usr/local/lib/python3.11/asyncio/base_events.py", line 653, in run_until_complete
    return future.result()
           ^^^^^^^^^^^^^^^
  File "/usr/local/lib/python3.11/site-packages/nbclient/client.py", line 709, in async_execute
    await self.async_execute_cell(
  File "/usr/local/lib/python3.11/site-packages/nbclient/client.py", line 1062, in async_execute_cell
    await self._check_raise_for_error(cell, cell_index, exec_reply)
  File "/usr/local/lib/python3.11/site-packages/nbclient/client.py", line 918, in _check_raise_for_error
    raise CellExecutionError.from_cell_and_msg(cell, exec_reply_content)
nbclient.exceptions.CellExecutionError: An error occurred while executing the following cell:
------------------
import numpy as np
import pandas as pd
import matplotlib.pyplot as plt
import plotly.express as px

from ostk.physics.environment.objects.celestial_bodies import Earth, Moon
from ostk.physics.environment.gravitational import Earth as EarthGravitationalModel
from ostk.physics.environment.gravitational import Sun as SunGravitationalModel
from ostk.physics.environment.gravitational import Moon as MoonGravitationalModel
from ostk.physics.environment.atmospheric import Earth as EarthAtmosphericModel
from ostk.physics.environment.magnetic import Earth as EarthMagneticModel
from ostk.physics.time import Instant, Duration, Interval, Scale, DateTime
from ostk.physics.coordinate import Frame
from ostk.physics.units import Derived, Length, Time

from ostk.astrodynamics.trajectory.state import NumericalSolver
from ostk.astrodynamics.trajectory import Propagator, State
from ostk.astrodynamics.trajectory.state import CoordinatesSubset, CoordinatesBroker
from ostk.astrodynamics.trajectory.state.coordinates_subset import CartesianPosition, CartesianVelocity
from ostk.astrodynamics.trajectory.orbit.models.kepler import COE
from ostk.astrodynamics import Dynamics
from ostk.astrodynamics.dynamics import CentralBodyGravity, PositionDerivative
------------------

----- stderr -----
/tmp/ipykernel_2014/1273289235.py:2: DeprecationWarning: 
Pyarrow will become a required dependency of pandas in the next major release of pandas (pandas 3.0),
(to allow more performant data types, such as the Arrow string type, and better interoperability with other libraries)
but was not found to be installed on your system.
If this would cause problems for you,
please provide us feedback at https://github.com/pandas-dev/pandas/issues/54466
        
  import pandas as pd
------------------

[0;31m---------------------------------------------------------------------------[0m
[0;31mModuleNotFoundError[0m                       Traceback (most recent call last)
Cell [0;32mIn[1], line 3[0m
[1;32m      1[0m [38;5;28;01mimport[39;00m [38;5;21;01mnumpy[39;00m [38;5;28;01mas[39;00m [38;5;21;01mnp[39;00m
[1;32m      2[0m [38;5;28;01mimport[39;00m [38;5;21;01mpandas[39;00m [38;5;28;01mas[39;00m [38;5;21;01mpd[39;00m
[0;32m----> 3[0m [38;5;28;01mimport[39;00m [38;5;21;01mmatplotlib[39;00m[38;5;21;01m.[39;00m[38;5;21;01mpyplot[39;00m [38;5;28;01mas[39;00m [38;5;21;01mplt[39;00m
[1;32m      4[0m [38;5;28;01mimport[39;00m [38;5;21;01mplotly[39;00m[38;5;21;01m.[39;00m[38;5;21;01mexpress[39;00m [38;5;28;01mas[39;00m [38;5;21;01mpx[39;00m
[1;32m      6[0m [38;5;28;01mfrom[39;00m [38;5;21;01mostk[39;00m[38;5;21;01m.[39;00m[38;5;21;01mphysics[39;00m[38;5;21;01m.[39;00m[38;5;21;01menvironment[39;00m[38;5;21;01m.[39;00m[38;5;21;01mobjects[39;00m[38;5;21;01m.[39;00m[38;5;21;01mcelestial_bodies[39;00m [38;5;28;01mimport[39;00m Earth, Moon

[0;31mModuleNotFoundError[0m: No module named 'matplotlib'

