Traceback (most recent call last):
  File "/app/build/bindings/python/OpenSpaceToolkitAstrodynamicsPy-python-package-3.11/.venv/lib/python3.11/site-packages/jupyter_cache/executors/utils.py", line 58, in single_nb_execution
    executenb(
  File "/app/build/bindings/python/OpenSpaceToolkitAstrodynamicsPy-python-package-3.11/.venv/lib/python3.11/site-packages/nbclient/client.py", line 1323, in execute
    return NotebookClient(nb=nb, resources=resources, km=km, **kwargs).execute()
           ^^^^^^^^^^^^^^^^^^^^^^^^^^^^^^^^^^^^^^^^^^^^^^^^^^^^^^^^^^^^^^^^^^^^^
  File "/app/build/bindings/python/OpenSpaceToolkitAstrodynamicsPy-python-package-3.11/.venv/lib/python3.11/site-packages/jupyter_core/utils/__init__.py", line 165, in wrapped
    return loop.run_until_complete(inner)
           ^^^^^^^^^^^^^^^^^^^^^^^^^^^^^^
  File "/opt/uv-python/cpython-3.11.15-linux-x86_64-gnu/lib/python3.11/asyncio/base_events.py", line 654, in run_until_complete
    return future.result()
           ^^^^^^^^^^^^^^^
  File "/app/build/bindings/python/OpenSpaceToolkitAstrodynamicsPy-python-package-3.11/.venv/lib/python3.11/site-packages/nbclient/client.py", line 709, in async_execute
    await self.async_execute_cell(
  File "/app/build/bindings/python/OpenSpaceToolkitAstrodynamicsPy-python-package-3.11/.venv/lib/python3.11/site-packages/nbclient/client.py", line 1062, in async_execute_cell
    await self._check_raise_for_error(cell, cell_index, exec_reply)
  File "/app/build/bindings/python/OpenSpaceToolkitAstrodynamicsPy-python-package-3.11/.venv/lib/python3.11/site-packages/nbclient/client.py", line 918, in _check_raise_for_error
    raise CellExecutionError.from_cell_and_msg(cell, exec_reply_content)
nbclient.exceptions.CellExecutionError: An error occurred while executing the following cell:
------------------
# Increasing the COE target SMA as it's osculating
target_coe = COE(
    coe.get_semi_major_axis() + Length.kilometers(5.0),
    coe.get_eccentricity(),
    coe.get_inclination(),
    coe.get_raan(),
    coe.get_aop(),
    coe.get_true_anomaly(),
)

guidance_law = QLaw(
    target_coe,
    EarthGravitationalModel.EGM2008.gravitational_parameter,
    QLaw.Parameters(
        element_weights={COE.Element.SemiMajorAxis: (1.0, 50.0)},
        m=3,
        n=4,
        r=2,
        b=0.01,
        k=100,
        periapsis_weight=0.0,
        minimum_periapsis_radius=Length.kilometers(6578.0),
    ),
    QLaw.GradientStrategy.Analytical,
)
------------------


[31m---------------------------------------------------------------------------[39m
[31mTypeError[39m                                 Traceback (most recent call last)
[36mCell[39m[36m [39m[32mIn[9][39m[32m, line 11[39m
[32m      7[39m     coe.get_aop(),
[32m      8[39m     coe.get_true_anomaly(),
[32m      9[39m )
[32m     10[39m 
[32m---> [39m[32m11[39m guidance_law = QLaw(
[32m     12[39m     target_coe,
[32m     13[39m     EarthGravitationalModel.EGM2008.gravitational_parameter,
[32m     14[39m     QLaw.Parameters(

[31mTypeError[39m: __init__(): incompatible constructor arguments. The following argument types are supported:
    1. ostk.astrodynamics.guidance_law.QLaw(target_coe: ostk.astrodynamics.trajectory.orbit.model.kepler.COE, gravitational_parameter: ostk.physics.unit.Derived, parameters: ostk.astrodynamics.guidance_law.QLaw.Parameters, coe_domain: ostk.astrodynamics.guidance_law.QLaw.COEDomain, gradient_strategy: ostk.astrodynamics.guidance_law.QLaw.GradientStrategy = <GradientStrategy.FiniteDifference: 1>)

Invoked with: -- Classical Orbital Elements ----------------------------------------------------------------------
    Semi-major axis:                         6968137.0 [m]                            
    Eccentricity:                            2.2627612980364442e-18                   
    Inclination:                             97.73352589929226 [deg]                  
    Right ascension of the ascending node:   354.93066948516838 [deg]                 
    Argument of periapsis:                   0.0 [deg]                                
    True anomaly:                            1.2074182697257333e-06 [deg]             
----------------------------------------------------------------------------------------------------
, 398600441500000.0 [m^3.s^-2], <ostk.astrodynamics.guidance_law.QLaw.Parameters object at 0x7f6a201c8530>, <GradientStrategy.Analytical: 0>

