Traceback (most recent call last):
  File "/app/build/bindings/python/OpenSpaceToolkitAstrodynamicsPy-python-package-3.11/.venv/lib/python3.11/site-packages/jupyter_cache/executors/utils.py", line 58, in single_nb_execution
    executenb(
  File "/app/build/bindings/python/OpenSpaceToolkitAstrodynamicsPy-python-package-3.11/.venv/lib/python3.11/site-packages/nbclient/client.py", line 1323, in execute
    return NotebookClient(nb=nb, resources=resources, km=km, **kwargs).execute()
           ^^^^^^^^^^^^^^^^^^^^^^^^^^^^^^^^^^^^^^^^^^^^^^^^^^^^^^^^^^^^^^^^^^^^^
  File "/app/build/bindings/python/OpenSpaceToolkitAstrodynamicsPy-python-package-3.11/.venv/lib/python3.11/site-packages/jupyter_core/utils/__init__.py", line 165, in wrapped
    return loop.run_until_complete(inner)
           ^^^^^^^^^^^^^^^^^^^^^^^^^^^^^^
  File "/opt/uv-python/cpython-3.11.15-linux-x86_64-gnu/lib/python3.11/asyncio/base_events.py", line 654, in run_until_complete
    return future.result()
           ^^^^^^^^^^^^^^^
  File "/app/build/bindings/python/OpenSpaceToolkitAstrodynamicsPy-python-package-3.11/.venv/lib/python3.11/site-packages/nbclient/client.py", line 709, in async_execute
    await self.async_execute_cell(
  File "/app/build/bindings/python/OpenSpaceToolkitAstrodynamicsPy-python-package-3.11/.venv/lib/python3.11/site-packages/nbclient/client.py", line 1062, in async_execute_cell
    await self._check_raise_for_error(cell, cell_index, exec_reply)
  File "/app/build/bindings/python/OpenSpaceToolkitAstrodynamicsPy-python-package-3.11/.venv/lib/python3.11/site-packages/nbclient/client.py", line 918, in _check_raise_for_error
    raise CellExecutionError.from_cell_and_msg(cell, exec_reply_content)
nbclient.exceptions.CellExecutionError: An error occurred while executing the following cell:
------------------
initial_coe = orbit.access_kepler_model().get_classical_orbital_elements()
target_coe = COE(
    initial_coe.get_semi_major_axis() + Length.kilometers(3.0),
    initial_coe.get_eccentricity(),
    initial_coe.get_inclination(),
    initial_coe.get_raan(),
    initial_coe.get_aop(),
    initial_coe.get_true_anomaly(),
)
q_law = QLaw(
    target_coe,
    EarthGravitationalModel.EGM2008.gravitational_parameter,
    QLaw.Parameters(
        element_weights={
            COE.Element.SemiMajorAxis: (1.0, 50.0),
            COE.Element.Eccentricity: (1.0, 1e-4),
        }
    ),
)
thruster_dynamics = Thruster(satellite_system, q_law)
------------------


[31m---------------------------------------------------------------------------[39m
[31mTypeError[39m                                 Traceback (most recent call last)
[36mCell[39m[36m [39m[32mIn[9][39m[32m, line 10[39m
[32m      6[39m     initial_coe.get_raan(),
[32m      7[39m     initial_coe.get_aop(),
[32m      8[39m     initial_coe.get_true_anomaly(),
[32m      9[39m )
[32m---> [39m[32m10[39m q_law = QLaw(
[32m     11[39m     target_coe,
[32m     12[39m     EarthGravitationalModel.EGM2008.gravitational_parameter,
[32m     13[39m     QLaw.Parameters(

[31mTypeError[39m: __init__(): incompatible constructor arguments. The following argument types are supported:
    1. ostk.astrodynamics.guidance_law.QLaw(target_coe: ostk.astrodynamics.trajectory.orbit.model.kepler.COE, gravitational_parameter: ostk.physics.unit.Derived, parameters: ostk.astrodynamics.guidance_law.QLaw.Parameters, coe_domain: ostk.astrodynamics.guidance_law.QLaw.COEDomain, gradient_strategy: ostk.astrodynamics.guidance_law.QLaw.GradientStrategy = <GradientStrategy.FiniteDifference: 1>)

Invoked with: -- Classical Orbital Elements ----------------------------------------------------------------------
    Semi-major axis:                         6961137.0 [m]                            
    Eccentricity:                            0.0                                      
    Inclination:                             97.71399746669357 [deg]                  
    Right ascension of the ascending node:   280.07718299043836 [deg]                 
    Argument of periapsis:                   0.0 [deg]                                
    True anomaly:                            0.0 [deg]                                
----------------------------------------------------------------------------------------------------
, 398600441500000.0 [m^3.s^-2], <ostk.astrodynamics.guidance_law.QLaw.Parameters object at 0x7f2fa95e5670>

